"Signed transaction with txID: WFVFSPMHXPEKSSWDCIRGKU5OV6WEDYPOSNFSDKJ245N3H4RAREOQ\nCreated new app-id: 8":
    application-index: 8
    confirmed-round: 8
    global-state-delta:
        - key: dG90YWw=
          value:
              action: 2
        - key: Y3JlYXRvcg==
          value:
              action: 1
              bytes: tbDb7mqGKkiSsrehB+5XkVwibkqkiIqn+AGo8gBNR2g=
    pool-error: ""
    txn:
        sig:
            type: Buffer
            data:
                - 26
                - 173
                - 54
                - 251
                - 103
                - 221
                - 165
                - 8
                - 6
                - 252
                - 183
                - 49
                - 176
                - 101
                - 189
                - 235
                - 157
                - 132
                - 209
                - 197
                - 132
                - 139
                - 117
                - 214
                - 149
                - 167
                - 80
                - 20
                - 242
                - 210
                - 207
                - 174
                - 162
                - 59
                - 127
                - 170
                - 224
                - 73
                - 223
                - 49
                - 72
                - 119
                - 189
                - 175
                - 181
                - 105
                - 58
                - 112
                - 224
                - 169
                - 143
                - 125
                - 24
                - 235
                - 119
                - 194
                - 185
                - 83
                - 65
                - 100
                - 136
                - 218
                - 9
                - 13
        txn:
            apap:
                type: Buffer
                data:
                    - 4
                    - 32
                    - 3
                    - 1
                    - 0
                    - 2
                    - 38
                    - 2
                    - 5
                    - 116
                    - 111
                    - 116
                    - 97
                    - 108
                    - 7
                    - 99
                    - 114
                    - 101
                    - 97
                    - 116
                    - 111
                    - 114
                    - 49
                    - 24
                    - 35
                    - 18
                    - 64
                    - 0
                    - 166
                    - 49
                    - 25
                    - 129
                    - 4
                    - 18
                    - 64
                    - 0
                    - 156
                    - 49
                    - 25
                    - 129
                    - 5
                    - 18
                    - 64
                    - 0
                    - 142
                    - 49
                    - 25
                    - 36
                    - 18
                    - 64
                    - 0
                    - 133
                    - 49
                    - 25
                    - 34
                    - 18
                    - 64
                    - 0
                    - 124
                    - 54
                    - 26
                    - 0
                    - 128
                    - 6
                    - 99
                    - 114
                    - 101
                    - 97
                    - 116
                    - 101
                    - 18
                    - 64
                    - 0
                    - 50
                    - 54
                    - 26
                    - 0
                    - 128
                    - 8
                    - 116
                    - 114
                    - 97
                    - 110
                    - 115
                    - 102
                    - 101
                    - 114
                    - 18
                    - 64
                    - 0
                    - 1
                    - 0
                    - 49
                    - 27
                    - 36
                    - 18
                    - 49
                    - 32
                    - 50
                    - 3
                    - 18
                    - 16
                    - 34
                    - 54
                    - 26
                    - 1
                    - 98
                    - 34
                    - 18
                    - 16
                    - 68
                    - 34
                    - 54
                    - 26
                    - 1
                    - 104
                    - 36
                    - 54
                    - 26
                    - 1
                    - 34
                    - 102
                    - 34
                    - 67
                    - 49
                    - 27
                    - 129
                    - 3
                    - 18
                    - 49
                    - 0
                    - 41
                    - 100
                    - 18
                    - 16
                    - 49
                    - 32
                    - 50
                    - 3
                    - 18
                    - 16
                    - 68
                    - 40
                    - 40
                    - 100
                    - 34
                    - 8
                    - 103
                    - 40
                    - 100
                    - 22
                    - 128
                    - 2
                    - 95
                    - 104
                    - 80
                    - 53
                    - 0
                    - 40
                    - 100
                    - 22
                    - 54
                    - 26
                    - 1
                    - 103
                    - 52
                    - 0
                    - 54
                    - 26
                    - 2
                    - 103
                    - 35
                    - 40
                    - 100
                    - 22
                    - 34
                    - 102
                    - 49
                    - 0
                    - 41
                    - 100
                    - 18
                    - 67
                    - 34
                    - 67
                    - 34
                    - 67
                    - 49
                    - 0
                    - 41
                    - 100
                    - 18
                    - 67
                    - 35
                    - 67
                    - 41
                    - 49
                    - 0
                    - 103
                    - 49
                    - 27
                    - 35
                    - 18
                    - 68
                    - 40
                    - 35
                    - 103
                    - 34
                    - 67
            apgs:
                nbs: 63
                nui: 1
            apls:
                nui: 16
            apsu:
                type: Buffer
                data:
                    - 4
                    - 129
                    - 1
                    - 67
            fee: 447000
            fv: 7
            gen: sandnet-v1
            gh:
                type: Buffer
                data:
                    - 245
                    - 44
                    - 168
                    - 85
                    - 140
                    - 19
                    - 119
                    - 52
                    - 66
                    - 86
                    - 181
                    - 83
                    - 120
                    - 170
                    - 224
                    - 1
                    - 190
                    - 234
                    - 65
                    - 199
                    - 114
                    - 155
                    - 48
                    - 134
                    - 126
                    - 26
                    - 234
                    - 96
                    - 65
                    - 81
                    - 254
                    - 216
            lv: 1007
            snd:
                type: Buffer
                data:
                    - 181
                    - 176
                    - 219
                    - 238
                    - 106
                    - 134
                    - 42
                    - 72
                    - 146
                    - 178
                    - 183
                    - 161
                    - 7
                    - 238
                    - 87
                    - 145
                    - 92
                    - 34
                    - 110
                    - 74
                    - 164
                    - 136
                    - 138
                    - 167
                    - 248
                    - 1
                    - 168
                    - 242
                    - 0
                    - 77
                    - 71
                    - 104
            type: appl
