"Signed transaction with txID: WDNNNFC5FVI76P6UW6V4SZYWMW6T5CG266MBVM6F5HQ7RYRS5ZLQ\nCreated new app-id: 14":
    application-index: 14
    confirmed-round: 14
    global-state-delta:
        - key: Y3JlYXRvcg==
          value:
              action: 1
              bytes: tbDb7mqGKkiSsrehB+5XkVwibkqkiIqn+AGo8gBNR2g=
        - key: dG90YWw=
          value:
              action: 2
    pool-error: ""
    txn:
        sig:
            type: Buffer
            data:
                - 210
                - 126
                - 155
                - 37
                - 62
                - 66
                - 174
                - 72
                - 195
                - 6
                - 109
                - 168
                - 216
                - 128
                - 110
                - 17
                - 188
                - 171
                - 74
                - 83
                - 250
                - 11
                - 120
                - 15
                - 187
                - 251
                - 233
                - 27
                - 233
                - 14
                - 94
                - 189
                - 41
                - 168
                - 202
                - 55
                - 7
                - 187
                - 102
                - 172
                - 65
                - 91
                - 109
                - 102
                - 199
                - 192
                - 167
                - 160
                - 185
                - 226
                - 92
                - 61
                - 31
                - 49
                - 122
                - 56
                - 141
                - 57
                - 230
                - 12
                - 59
                - 44
                - 79
                - 5
        txn:
            apap:
                type: Buffer
                data:
                    - 4
                    - 32
                    - 3
                    - 1
                    - 0
                    - 2
                    - 38
                    - 2
                    - 5
                    - 116
                    - 111
                    - 116
                    - 97
                    - 108
                    - 7
                    - 99
                    - 114
                    - 101
                    - 97
                    - 116
                    - 111
                    - 114
                    - 49
                    - 24
                    - 35
                    - 18
                    - 64
                    - 0
                    - 166
                    - 49
                    - 25
                    - 129
                    - 4
                    - 18
                    - 64
                    - 0
                    - 156
                    - 49
                    - 25
                    - 129
                    - 5
                    - 18
                    - 64
                    - 0
                    - 142
                    - 49
                    - 25
                    - 36
                    - 18
                    - 64
                    - 0
                    - 133
                    - 49
                    - 25
                    - 34
                    - 18
                    - 64
                    - 0
                    - 124
                    - 54
                    - 26
                    - 0
                    - 128
                    - 6
                    - 99
                    - 114
                    - 101
                    - 97
                    - 116
                    - 101
                    - 18
                    - 64
                    - 0
                    - 50
                    - 54
                    - 26
                    - 0
                    - 128
                    - 8
                    - 116
                    - 114
                    - 97
                    - 110
                    - 115
                    - 102
                    - 101
                    - 114
                    - 18
                    - 64
                    - 0
                    - 1
                    - 0
                    - 49
                    - 27
                    - 36
                    - 18
                    - 49
                    - 32
                    - 50
                    - 3
                    - 18
                    - 16
                    - 34
                    - 54
                    - 26
                    - 1
                    - 98
                    - 34
                    - 18
                    - 16
                    - 68
                    - 34
                    - 54
                    - 26
                    - 1
                    - 104
                    - 36
                    - 54
                    - 26
                    - 1
                    - 34
                    - 102
                    - 34
                    - 67
                    - 49
                    - 27
                    - 129
                    - 3
                    - 18
                    - 49
                    - 0
                    - 41
                    - 100
                    - 18
                    - 16
                    - 49
                    - 32
                    - 50
                    - 3
                    - 18
                    - 16
                    - 68
                    - 40
                    - 40
                    - 100
                    - 34
                    - 8
                    - 103
                    - 40
                    - 100
                    - 22
                    - 128
                    - 2
                    - 95
                    - 104
                    - 80
                    - 53
                    - 0
                    - 40
                    - 100
                    - 22
                    - 54
                    - 26
                    - 1
                    - 103
                    - 52
                    - 0
                    - 54
                    - 26
                    - 2
                    - 103
                    - 35
                    - 40
                    - 100
                    - 22
                    - 34
                    - 102
                    - 49
                    - 0
                    - 41
                    - 100
                    - 18
                    - 67
                    - 34
                    - 67
                    - 34
                    - 67
                    - 49
                    - 0
                    - 41
                    - 100
                    - 18
                    - 67
                    - 35
                    - 67
                    - 41
                    - 49
                    - 0
                    - 103
                    - 49
                    - 27
                    - 35
                    - 18
                    - 68
                    - 40
                    - 35
                    - 103
                    - 34
                    - 67
            apgs:
                nbs: 63
                nui: 1
            apls:
                nui: 16
            apsu:
                type: Buffer
                data:
                    - 4
                    - 129
                    - 1
                    - 67
            fee: 447000
            fv: 13
            gen: sandnet-v1
            gh:
                type: Buffer
                data:
                    - 245
                    - 44
                    - 168
                    - 85
                    - 140
                    - 19
                    - 119
                    - 52
                    - 66
                    - 86
                    - 181
                    - 83
                    - 120
                    - 170
                    - 224
                    - 1
                    - 190
                    - 234
                    - 65
                    - 199
                    - 114
                    - 155
                    - 48
                    - 134
                    - 126
                    - 26
                    - 234
                    - 96
                    - 65
                    - 81
                    - 254
                    - 216
            lv: 1013
            snd:
                type: Buffer
                data:
                    - 181
                    - 176
                    - 219
                    - 238
                    - 106
                    - 134
                    - 42
                    - 72
                    - 146
                    - 178
                    - 183
                    - 161
                    - 7
                    - 238
                    - 87
                    - 145
                    - 92
                    - 34
                    - 110
                    - 74
                    - 164
                    - 136
                    - 138
                    - 167
                    - 248
                    - 1
                    - 168
                    - 242
                    - 0
                    - 77
                    - 71
                    - 104
            type: appl
